c:\users\bau\desktop\github\proj_mochi\projectmochi\x64\debug\vc141.pdb
c:\users\bau\desktop\github\proj_mochi\projectmochi\x64\debug\vc141.idb
c:\users\bau\desktop\github\proj_mochi\projectmochi\x64\debug\windowshelper.obj
c:\users\bau\desktop\github\proj_mochi\projectmochi\x64\debug\stdafx.obj
c:\users\bau\desktop\github\proj_mochi\projectmochi\x64\debug\player.obj
c:\users\bau\desktop\github\proj_mochi\projectmochi\x64\debug\object.obj
c:\users\bau\desktop\github\proj_mochi\projectmochi\x64\debug\mathlibrary.obj
c:\users\bau\desktop\github\proj_mochi\projectmochi\x64\debug\levelhandler.obj
c:\users\bau\desktop\github\proj_mochi\projectmochi\x64\debug\inputhandler.obj
c:\users\bau\desktop\github\proj_mochi\projectmochi\x64\debug\graphics.obj
c:\users\bau\desktop\github\proj_mochi\projectmochi\x64\debug\gamestateinit.obj
c:\users\bau\desktop\github\proj_mochi\projectmochi\x64\debug\gamestate.obj
c:\users\bau\desktop\github\proj_mochi\projectmochi\x64\debug\main.obj
c:\users\bau\desktop\github\proj_mochi\x64\debug\projectmochi.exe
c:\users\bau\desktop\github\proj_mochi\x64\debug\projectmochi.ilk
c:\users\bau\desktop\github\proj_mochi\x64\debug\projectmochi.pdb
c:\users\bau\desktop\github\proj_mochi\projectmochi\x64\debug\projectmochi.tlog\cl.command.1.tlog
c:\users\bau\desktop\github\proj_mochi\projectmochi\x64\debug\projectmochi.tlog\cl.read.1.tlog
c:\users\bau\desktop\github\proj_mochi\projectmochi\x64\debug\projectmochi.tlog\cl.write.1.tlog
c:\users\bau\desktop\github\proj_mochi\projectmochi\x64\debug\projectmochi.tlog\link.command.1.tlog
c:\users\bau\desktop\github\proj_mochi\projectmochi\x64\debug\projectmochi.tlog\link.read.1.tlog
c:\users\bau\desktop\github\proj_mochi\projectmochi\x64\debug\projectmochi.tlog\link.write.1.tlog
